[debug] [2025-08-05T09:39:52.993Z] ----------------------------------------------------------------------
[debug] [2025-08-05T09:39:52.995Z] Command:       C:\Program Files\nodejs\node.exe C:\Program Files\nodejs\node_modules\firebase-tools\lib\bin\firebase.js emulators:start --only functions
[debug] [2025-08-05T09:39:52.996Z] CLI Version:   14.11.2
[debug] [2025-08-05T09:39:52.996Z] Platform:      win32
[debug] [2025-08-05T09:39:52.996Z] Node Version:  v22.12.0
[debug] [2025-08-05T09:39:52.996Z] Time:          Tue Aug 05 2025 15:09:52 GMT+0530 (India Standard Time)
[debug] [2025-08-05T09:39:52.996Z] ----------------------------------------------------------------------
[debug] 
[debug] [2025-08-05T09:39:53.239Z] > command requires scopes: ["email","openid","https://www.googleapis.com/auth/cloudplatformprojects.readonly","https://www.googleapis.com/auth/firebase","https://www.googleapis.com/auth/cloud-platform"]
[debug] [2025-08-05T09:39:53.240Z] > authorizing via signed-in user (yuvraj.skyline@gmail.com)
[info] i  emulators: Starting emulators: functions {"metadata":{"emulator":{"name":"hub"},"message":"Starting emulators: functions"}}
[debug] [2025-08-05T09:39:53.249Z] [logging] Logging Emulator only supports listening on one address (127.0.0.1). Not listening on ::1
[debug] [2025-08-05T09:39:53.249Z] assigned listening specs for emulators {"user":{"hub":[{"address":"127.0.0.1","family":"IPv4","port":4400},{"address":"::1","family":"IPv6","port":4400}],"ui":[{"address":"127.0.0.1","family":"IPv4","port":4000},{"address":"::1","family":"IPv6","port":4000}],"logging":[{"address":"127.0.0.1","family":"IPv4","port":4500}]},"metadata":{"message":"assigned listening specs for emulators"}}
[debug] [2025-08-05T09:39:53.254Z] [hub] writing locator at C:\Users\INDIA\AppData\Local\Temp\hub-yuvi-boat.json
[debug] [2025-08-05T09:39:53.273Z] [functions] Functions Emulator only supports listening on one address (127.0.0.1). Not listening on ::1
[debug] [2025-08-05T09:39:53.273Z] [eventarc] Eventarc Emulator only supports listening on one address (127.0.0.1). Not listening on ::1
[debug] [2025-08-05T09:39:53.273Z] [tasks] Cloud Tasks Emulator only supports listening on one address (127.0.0.1). Not listening on ::1
[debug] [2025-08-05T09:39:53.273Z] late-assigned ports for functions and eventarc emulators {"user":{"hub":[{"address":"127.0.0.1","family":"IPv4","port":4400},{"address":"::1","family":"IPv6","port":4400}],"ui":[{"address":"127.0.0.1","family":"IPv4","port":4000},{"address":"::1","family":"IPv6","port":4000}],"logging":[{"address":"127.0.0.1","family":"IPv4","port":4500}],"functions":[{"address":"127.0.0.1","family":"IPv4","port":5001}],"eventarc":[{"address":"127.0.0.1","family":"IPv4","port":9299}],"tasks":[{"address":"127.0.0.1","family":"IPv4","port":9499}]},"metadata":{"message":"late-assigned ports for functions and eventarc emulators"}}
[warn] !  functions: The following emulators are not running, calls to these services from the Functions emulator will affect production: apphosting, auth, firestore, database, hosting, pubsub, storage, dataconnect {"metadata":{"emulator":{"name":"functions"},"message":"The following emulators are not running, calls to these services from the Functions emulator will affect production: \u001b[1mapphosting, auth, firestore, database, hosting, pubsub, storage, dataconnect\u001b[22m"}}
[debug] [2025-08-05T09:39:53.310Z] defaultcredentials: writing to file C:\Users\INDIA\AppData\Roaming\firebase\yuvraj_skyline_gmail.com_application_default_credentials.json
[debug] [2025-08-05T09:39:53.312Z] Setting GAC to C:\Users\INDIA\AppData\Roaming\firebase\yuvraj_skyline_gmail.com_application_default_credentials.json {"metadata":{"emulator":{"name":"functions"},"message":"Setting GAC to C:\\Users\\INDIA\\AppData\\Roaming\\firebase\\yuvraj_skyline_gmail.com_application_default_credentials.json"}}
[debug] [2025-08-05T09:39:53.312Z] Checked if tokens are valid: true, expires at: 1754389072198
[debug] [2025-08-05T09:39:53.312Z] Checked if tokens are valid: true, expires at: 1754389072198
[debug] [2025-08-05T09:39:53.313Z] >>> [apiv2][query] GET https://firebase.googleapis.com/v1beta1/projects/yuvi-boat/adminSdkConfig [none]
[debug] [2025-08-05T09:39:53.728Z] <<< [apiv2][status] GET https://firebase.googleapis.com/v1beta1/projects/yuvi-boat/adminSdkConfig 200
[debug] [2025-08-05T09:39:53.728Z] <<< [apiv2][body] GET https://firebase.googleapis.com/v1beta1/projects/yuvi-boat/adminSdkConfig {"projectId":"yuvi-boat","storageBucket":"yuvi-boat.firebasestorage.app"}
[info] i  functions: Watching "C:\Users\INDIA\source\repos\Lifeline-Ai\functions" for Cloud Functions... {"metadata":{"emulator":{"name":"functions"},"message":"Watching \"C:\\Users\\INDIA\\source\\repos\\Lifeline-Ai\\functions\" for Cloud Functions..."}}
[debug] [2025-08-05T09:39:53.764Z] Validating nodejs source
[warn] !  functions: package.json indicates an outdated version of firebase-functions. Please upgrade using npm install --save firebase-functions@latest in your functions directory. 
[debug] [2025-08-05T09:39:54.507Z] > [functions] package.json contents: {
  "name": "functions",
  "scripts": {
    "lint": "eslint .",
    "build": "tsc",
    "build:watch": "tsc --watch",
    "serve": "npm run build && firebase emulators:start --only functions",
    "shell": "npm run build && firebase functions:shell",
    "start": "npm run shell",
    "deploy": "firebase deploy --only functions",
    "logs": "firebase functions:log"
  },
  "engines": {
    "node": "22"
  },
  "main": "lib/index.js",
  "dependencies": {
    "@google/generative-ai": "^0.24.1",
    "firebase-admin": "^12.6.0",
    "firebase-functions": "^6.0.1"
  },
  "devDependencies": {
    "@typescript-eslint/eslint-plugin": "^5.12.0",
    "@typescript-eslint/parser": "^5.12.0",
    "eslint": "^8.9.0",
    "eslint-config-google": "^0.14.0",
    "eslint-plugin-import": "^2.25.4",
    "firebase-functions-test": "^3.1.0",
    "typescript": "^5.7.3"
  },
  "private": true
}
[debug] [2025-08-05T09:39:54.507Z] Building nodejs source
[debug] [2025-08-05T09:39:54.507Z] Failed to find version of module node: reached end of search path C:\Users\INDIA\source\repos\Lifeline-Ai\functions\node_modules
[info] +  functions: Using node@22 from host. 
[debug] [2025-08-05T09:39:54.509Z] Could not find functions.yaml. Must use http discovery
[debug] [2025-08-05T09:39:54.515Z] Found firebase-functions binary at 'C:\Users\INDIA\source\repos\Lifeline-Ai\functions\node_modules\.bin\firebase-functions'
[info] Serving at port 8627

[debug] [2025-08-05T09:39:55.086Z] Got response from /__/functions.yaml {"endpoints":{"chat":{"availableMemoryMb":null,"timeoutSeconds":null,"minInstances":null,"maxInstances":null,"ingressSettings":null,"concurrency":null,"serviceAccountEmail":null,"vpc":null,"platform":"gcfv2","labels":{},"callableTrigger":{},"entryPoint":"chat"}},"specVersion":"v1alpha1","requiredAPIs":[],"extensions":{}}
[info] +  functions: Loaded functions definitions from source: chat. {"metadata":{"emulator":{"name":"functions"},"message":"Loaded functions definitions from source: chat."}}
[info] +  functions[us-central1-chat]: http function initialized (http://127.0.0.1:5001/yuvi-boat/us-central1/chat). {"metadata":{"emulator":{"name":"functions"},"message":"\u001b[1mhttp\u001b[22m function initialized (http://127.0.0.1:5001/yuvi-boat/us-central1/chat)."}}
[debug] [2025-08-05T09:39:59.130Z] Could not find VSCode notification endpoint: FetchError: request to http://localhost:40001/vscode/notify failed, reason: connect ECONNREFUSED ::1:40001. If you are not running the Firebase Data Connect VSCode extension, this is expected and not an issue.
[info] 
┌─────────────────────────────────────────────────────────────┐
│ ✔  All emulators ready! It is now safe to connect your app. │
│ i  View Emulator UI at http://127.0.0.1:4000/               │
└─────────────────────────────────────────────────────────────┘

┌───────────┬────────────────┬─────────────────────────────────┐
│ Emulator  │ Host:Port      │ View in Emulator UI             │
├───────────┼────────────────┼─────────────────────────────────┤
│ Functions │ 127.0.0.1:5001 │ http://127.0.0.1:4000/functions │
└───────────┴────────────────┴─────────────────────────────────┘
  Emulator Hub host: 127.0.0.1 port: 4400
  Other reserved ports: 4500

Issues? Report them at https://github.com/firebase/firebase-tools/issues and attach the *-debug.log files.
 
[debug] [2025-08-05T09:40:44.568Z] File C:\Users\INDIA\source\repos\Lifeline-Ai\functions\package-lock.json changed, reloading triggers {"metadata":{"emulator":{"name":"functions"},"message":"File C:\\Users\\INDIA\\source\\repos\\Lifeline-Ai\\functions\\package-lock.json changed, reloading triggers"}}
[debug] [2025-08-05T09:40:45.586Z] Validating nodejs source
[warn] !  functions: package.json indicates an outdated version of firebase-functions. Please upgrade using npm install --save firebase-functions@latest in your functions directory. 
[debug] [2025-08-05T09:40:46.383Z] > [functions] package.json contents: {
  "name": "functions",
  "scripts": {
    "lint": "eslint .",
    "build": "tsc",
    "build:watch": "tsc --watch",
    "serve": "npm run build && firebase emulators:start --only functions",
    "shell": "npm run build && firebase functions:shell",
    "start": "npm run shell",
    "deploy": "firebase deploy --only functions",
    "logs": "firebase functions:log"
  },
  "engines": {
    "node": "22"
  },
  "main": "lib/index.js",
  "dependencies": {
    "@google/generative-ai": "^0.24.1",
    "firebase-admin": "^12.6.0",
    "firebase-functions": "^6.0.1"
  },
  "devDependencies": {
    "@typescript-eslint/eslint-plugin": "^5.12.0",
    "@typescript-eslint/parser": "^5.12.0",
    "eslint": "^8.9.0",
    "eslint-config-google": "^0.14.0",
    "eslint-plugin-import": "^2.25.4",
    "firebase-functions-test": "^3.1.0",
    "typescript": "^5.7.3"
  },
  "private": true
}
[debug] [2025-08-05T09:40:46.383Z] Building nodejs source
[debug] [2025-08-05T09:40:46.383Z] Failed to find version of module node: reached end of search path C:\Users\INDIA\source\repos\Lifeline-Ai\functions\node_modules
[info] +  functions: Using node@22 from host. 
[debug] [2025-08-05T09:40:46.384Z] Could not find functions.yaml. Must use http discovery
[debug] [2025-08-05T09:40:46.390Z] Found firebase-functions binary at 'C:\Users\INDIA\source\repos\Lifeline-Ai\functions\node_modules\.bin\firebase-functions'
[info] Serving at port 8898

[debug] [2025-08-05T09:40:46.994Z] Got response from /__/functions.yaml {"endpoints":{"chat":{"availableMemoryMb":null,"timeoutSeconds":null,"minInstances":null,"maxInstances":null,"ingressSettings":null,"concurrency":null,"serviceAccountEmail":null,"vpc":null,"platform":"gcfv2","labels":{},"callableTrigger":{},"entryPoint":"chat"}},"specVersion":"v1alpha1","requiredAPIs":[],"extensions":{}}
[info] +  functions: Loaded functions definitions from source: chat. {"metadata":{"emulator":{"name":"functions"},"message":"Loaded functions definitions from source: chat."}}
[debug] [2025-08-05T10:15:52.038Z] ----------------------------------------------------------------------
[debug] [2025-08-05T10:15:52.041Z] Command:       C:\Program Files\nodejs\node.exe C:\Program Files\nodejs\node_modules\firebase-tools\lib\bin\firebase.js emulators:start --only functions
[debug] [2025-08-05T10:15:52.041Z] CLI Version:   14.11.2
[debug] [2025-08-05T10:15:52.041Z] Platform:      win32
[debug] [2025-08-05T10:15:52.041Z] Node Version:  v22.12.0
[debug] [2025-08-05T10:15:52.042Z] Time:          Tue Aug 05 2025 15:45:52 GMT+0530 (India Standard Time)
[debug] [2025-08-05T10:15:52.042Z] ----------------------------------------------------------------------
[debug] 
[debug] [2025-08-05T10:15:52.305Z] > command requires scopes: ["email","openid","https://www.googleapis.com/auth/cloudplatformprojects.readonly","https://www.googleapis.com/auth/firebase","https://www.googleapis.com/auth/cloud-platform"]
[debug] [2025-08-05T10:15:52.306Z] > authorizing via signed-in user (yuvraj.skyline@gmail.com)
[info] i  emulators: Starting emulators: functions {"metadata":{"emulator":{"name":"hub"},"message":"Starting emulators: functions"}}
[debug] [2025-08-05T10:15:52.320Z] [logging] Logging Emulator only supports listening on one address (127.0.0.1). Not listening on ::1
[debug] [2025-08-05T10:15:52.321Z] assigned listening specs for emulators {"user":{"hub":[{"address":"127.0.0.1","family":"IPv4","port":4400},{"address":"::1","family":"IPv6","port":4400}],"ui":[{"address":"127.0.0.1","family":"IPv4","port":4000},{"address":"::1","family":"IPv6","port":4000}],"logging":[{"address":"127.0.0.1","family":"IPv4","port":4500}]},"metadata":{"message":"assigned listening specs for emulators"}}
[warn] !  emulators: It seems that you are running multiple instances of the emulator suite for project yuvi-boat. This may result in unexpected behavior. 
[debug] [2025-08-05T10:15:52.327Z] [hub] writing locator at C:\Users\INDIA\AppData\Local\Temp\hub-yuvi-boat.json
[debug] [2025-08-05T10:15:52.350Z] [functions] Functions Emulator only supports listening on one address (127.0.0.1). Not listening on ::1
[debug] [2025-08-05T10:15:52.351Z] [eventarc] Eventarc Emulator only supports listening on one address (127.0.0.1). Not listening on ::1
[debug] [2025-08-05T10:15:52.351Z] [tasks] Cloud Tasks Emulator only supports listening on one address (127.0.0.1). Not listening on ::1
[debug] [2025-08-05T10:15:52.351Z] late-assigned ports for functions and eventarc emulators {"user":{"hub":[{"address":"127.0.0.1","family":"IPv4","port":4400},{"address":"::1","family":"IPv6","port":4400}],"ui":[{"address":"127.0.0.1","family":"IPv4","port":4000},{"address":"::1","family":"IPv6","port":4000}],"logging":[{"address":"127.0.0.1","family":"IPv4","port":4500}],"functions":[{"address":"127.0.0.1","family":"IPv4","port":5001}],"eventarc":[{"address":"127.0.0.1","family":"IPv4","port":9299}],"tasks":[{"address":"127.0.0.1","family":"IPv4","port":9499}]},"metadata":{"message":"late-assigned ports for functions and eventarc emulators"}}
[warn] !  functions: The following emulators are not running, calls to these services from the Functions emulator will affect production: apphosting, auth, firestore, database, hosting, pubsub, storage, dataconnect {"metadata":{"emulator":{"name":"functions"},"message":"The following emulators are not running, calls to these services from the Functions emulator will affect production: \u001b[1mapphosting, auth, firestore, database, hosting, pubsub, storage, dataconnect\u001b[22m"}}
[debug] [2025-08-05T10:15:52.384Z] defaultcredentials: writing to file C:\Users\INDIA\AppData\Roaming\firebase\yuvraj_skyline_gmail.com_application_default_credentials.json
[debug] [2025-08-05T10:15:52.390Z] Setting GAC to C:\Users\INDIA\AppData\Roaming\firebase\yuvraj_skyline_gmail.com_application_default_credentials.json {"metadata":{"emulator":{"name":"functions"},"message":"Setting GAC to C:\\Users\\INDIA\\AppData\\Roaming\\firebase\\yuvraj_skyline_gmail.com_application_default_credentials.json"}}
[debug] [2025-08-05T10:15:52.392Z] Checked if tokens are valid: false, expires at: 1754389072198
[debug] [2025-08-05T10:15:52.392Z] Checked if tokens are valid: false, expires at: 1754389072198
[debug] [2025-08-05T10:15:52.393Z] > refreshing access token with scopes: []
[debug] [2025-08-05T10:15:52.395Z] >>> [apiv2][query] POST https://www.googleapis.com/oauth2/v3/token [none]
[debug] [2025-08-05T10:15:52.395Z] >>> [apiv2][body] POST https://www.googleapis.com/oauth2/v3/token [omitted]
[debug] [2025-08-05T10:15:52.571Z] <<< [apiv2][status] POST https://www.googleapis.com/oauth2/v3/token 200
[debug] [2025-08-05T10:15:52.571Z] <<< [apiv2][body] POST https://www.googleapis.com/oauth2/v3/token [omitted]
[debug] [2025-08-05T10:15:52.601Z] >>> [apiv2][query] GET https://firebase.googleapis.com/v1beta1/projects/yuvi-boat/adminSdkConfig [none]
[debug] [2025-08-05T10:15:53.055Z] <<< [apiv2][status] GET https://firebase.googleapis.com/v1beta1/projects/yuvi-boat/adminSdkConfig 200
[debug] [2025-08-05T10:15:53.055Z] <<< [apiv2][body] GET https://firebase.googleapis.com/v1beta1/projects/yuvi-boat/adminSdkConfig {"projectId":"yuvi-boat","storageBucket":"yuvi-boat.firebasestorage.app"}
[info] i  functions: Watching "C:\Users\INDIA\source\repos\Yuvi-bot\functions" for Cloud Functions... {"metadata":{"emulator":{"name":"functions"},"message":"Watching \"C:\\Users\\INDIA\\source\\repos\\Yuvi-bot\\functions\" for Cloud Functions..."}}
[debug] [2025-08-05T10:15:53.087Z] Validating nodejs source
[warn] !  functions: package.json indicates an outdated version of firebase-functions. Please upgrade using npm install --save firebase-functions@latest in your functions directory. 
[debug] [2025-08-05T10:15:53.890Z] > [functions] package.json contents: {
  "name": "functions",
  "scripts": {
    "lint": "eslint .",
    "build": "tsc",
    "build:watch": "tsc --watch",
    "serve": "npm run build && firebase emulators:start --only functions",
    "shell": "npm run build && firebase functions:shell",
    "start": "npm run shell",
    "deploy": "firebase deploy --only functions",
    "logs": "firebase functions:log"
  },
  "engines": {
    "node": "22"
  },
  "main": "lib/index.js",
  "dependencies": {
    "@google/generative-ai": "^0.24.1",
    "firebase-admin": "^12.6.0",
    "firebase-functions": "^6.0.1"
  },
  "devDependencies": {
    "@typescript-eslint/eslint-plugin": "^5.12.0",
    "@typescript-eslint/parser": "^5.12.0",
    "eslint": "^8.9.0",
    "eslint-config-google": "^0.14.0",
    "eslint-plugin-import": "^2.25.4",
    "firebase-functions-test": "^3.1.0",
    "typescript": "^5.7.3"
  },
  "private": true
}
[debug] [2025-08-05T10:15:53.890Z] Building nodejs source
[debug] [2025-08-05T10:15:53.891Z] Failed to find version of module node: reached end of search path C:\Users\INDIA\source\repos\Yuvi-bot\functions\node_modules
[info] +  functions: Using node@22 from host. 
[debug] [2025-08-05T10:15:53.893Z] Could not find functions.yaml. Must use http discovery
[debug] [2025-08-05T10:15:53.899Z] Found firebase-functions binary at 'C:\Users\INDIA\source\repos\Yuvi-bot\functions\node_modules\.bin\firebase-functions'
[info] Serving at port 8014

[debug] [2025-08-05T10:16:02.316Z] Got response from /__/functions.yaml {"endpoints":{"chat":{"availableMemoryMb":null,"timeoutSeconds":null,"minInstances":null,"maxInstances":null,"ingressSettings":null,"concurrency":null,"serviceAccountEmail":null,"vpc":null,"platform":"gcfv2","labels":{},"callableTrigger":{},"entryPoint":"chat"}},"specVersion":"v1alpha1","requiredAPIs":[],"extensions":{}}
[info] +  functions: Loaded functions definitions from source: chat. {"metadata":{"emulator":{"name":"functions"},"message":"Loaded functions definitions from source: chat."}}
[info] +  functions[us-central1-chat]: http function initialized (http://127.0.0.1:5001/yuvi-boat/us-central1/chat). {"metadata":{"emulator":{"name":"functions"},"message":"\u001b[1mhttp\u001b[22m function initialized (http://127.0.0.1:5001/yuvi-boat/us-central1/chat)."}}
[debug] [2025-08-05T10:16:06.355Z] Could not find VSCode notification endpoint: FetchError: request to http://localhost:40001/vscode/notify failed, reason: connect ECONNREFUSED ::1:40001. If you are not running the Firebase Data Connect VSCode extension, this is expected and not an issue.
[info] 
┌─────────────────────────────────────────────────────────────┐
│ ✔  All emulators ready! It is now safe to connect your app. │
│ i  View Emulator UI at http://127.0.0.1:4000/               │
└─────────────────────────────────────────────────────────────┘

┌───────────┬────────────────┬─────────────────────────────────┐
│ Emulator  │ Host:Port      │ View in Emulator UI             │
├───────────┼────────────────┼─────────────────────────────────┤
│ Functions │ 127.0.0.1:5001 │ http://127.0.0.1:4000/functions │
└───────────┴────────────────┴─────────────────────────────────┘
  Emulator Hub host: 127.0.0.1 port: 4400
  Other reserved ports: 4500

Issues? Report them at https://github.com/firebase/firebase-tools/issues and attach the *-debug.log files.
 
